Mar 23, 2020 11:02:50 AM org.apache.catalina.startup.VersionLoggerListener log
INFO: Server version:        Apache Tomcat/7.0.96
Mar 23, 2020 11:02:50 AM org.apache.catalina.startup.VersionLoggerListener log
INFO: Server built:          Jul 24 2019 13:00:10 UTC
Mar 23, 2020 11:02:50 AM org.apache.catalina.startup.VersionLoggerListener log
INFO: Server number:         7.0.96.0
Mar 23, 2020 11:02:50 AM org.apache.catalina.startup.VersionLoggerListener log
INFO: OS Name:               Windows 10
Mar 23, 2020 11:02:50 AM org.apache.catalina.startup.VersionLoggerListener log
INFO: OS Version:            10.0
Mar 23, 2020 11:02:50 AM org.apache.catalina.startup.VersionLoggerListener log
INFO: Architecture:          amd64
Mar 23, 2020 11:02:50 AM org.apache.catalina.startup.VersionLoggerListener log
INFO: Java Home:             C:\Program Files\Java\jdk1.8.0_202\jre
Mar 23, 2020 11:02:50 AM org.apache.catalina.startup.VersionLoggerListener log
INFO: JVM Version:           1.8.0_202-b08
Mar 23, 2020 11:02:50 AM org.apache.catalina.startup.VersionLoggerListener log
INFO: JVM Vendor:            Oracle Corporation
Mar 23, 2020 11:02:50 AM org.apache.catalina.startup.VersionLoggerListener log
INFO: CATALINA_BASE:         C:\dev\apache-tomcat-7.0.96 - GraphQLDemo
Mar 23, 2020 11:02:50 AM org.apache.catalina.startup.VersionLoggerListener log
INFO: CATALINA_HOME:         C:\dev\apache-tomcat-7.0.96 - GraphQLDemo
Mar 23, 2020 11:02:50 AM org.apache.catalina.startup.VersionLoggerListener log
INFO: Command line argument: -Djava.util.logging.config.file=C:\dev\apache-tomcat-7.0.96 - GraphQLDemo\conf\logging.properties
Mar 23, 2020 11:02:50 AM org.apache.catalina.startup.VersionLoggerListener log
INFO: Command line argument: -Djava.util.logging.manager=org.apache.juli.ClassLoaderLogManager
Mar 23, 2020 11:02:50 AM org.apache.catalina.startup.VersionLoggerListener log
INFO: Command line argument: -Dhttp.nonProxyHosts=localhost|127.0.0.1|C00930
Mar 23, 2020 11:02:50 AM org.apache.catalina.startup.VersionLoggerListener log
INFO: Command line argument: -Djdk.tls.ephemeralDHKeySize=2048
Mar 23, 2020 11:02:50 AM org.apache.catalina.startup.VersionLoggerListener log
INFO: Command line argument: -Dignore.endorsed.dirs=
Mar 23, 2020 11:02:50 AM org.apache.catalina.startup.VersionLoggerListener log
INFO: Command line argument: -Dcatalina.base=C:\dev\apache-tomcat-7.0.96 - GraphQLDemo
Mar 23, 2020 11:02:50 AM org.apache.catalina.startup.VersionLoggerListener log
INFO: Command line argument: -Dcatalina.home=C:\dev\apache-tomcat-7.0.96 - GraphQLDemo
Mar 23, 2020 11:02:50 AM org.apache.catalina.startup.VersionLoggerListener log
INFO: Command line argument: -Djava.io.tmpdir=C:\dev\apache-tomcat-7.0.96 - GraphQLDemo\temp
Mar 23, 2020 11:02:50 AM org.apache.catalina.core.AprLifecycleListener lifecycleEvent
INFO: The APR based Apache Tomcat Native library which allows optimal performance in production environments was not found on the java.library.path: C:\Program Files\Java\jdk1.8.0_202\bin;C:\WINDOWS\Sun\Java\bin;C:\WINDOWS\system32;C:\WINDOWS;C:\ProgramData\DockerDesktop\version-bin;C:\Program Files\Docker\Docker\Resources\bin;C:\Program Files (x86)\Common Files\Oracle\Java\javapath;C:\Program Files (x86)\Intel\iCLS Client\;C:\Program Files\Intel\iCLS Client\;C:\WINDOWS\system32;C:\WINDOWS;C:\WINDOWS\System32\Wbem;C:\WINDOWS\System32\WindowsPowerShell\v1.0\;C:\Program Files (x86)\Shoreline Communications\ShoreWare Client\;C:\Program Files (x86)\Shoreline Communications\ShoreWare Client\win64;C:\Program Files\Intel\WiFi\bin\;C:\Program Files\Common Files\Intel\WirelessCommon\;C:\Program Files (x86)\Intel\Intel(R) Management Engine Components\DAL;C:\Program Files\Intel\Intel(R) Management Engine Components\DAL;C:\Program Files (x86)\Intel\Intel(R) Management Engine Components\IPT;C:\Program Files\Intel\Intel(R) Management Engine Components\IPT;C:\WINDOWS\System32\OpenSSH\;C:\Program Files\Git\cmd;C:\Program Files\nodejs\;C:\dev\SavageScholarProject\javadocs\graphviz-2.38\release\bin;C:\Program Files\ojdkbuild\java-1.8.0-openjdk-1.8.0.232-1\bin;C:\Program Files\ojdkbuild\java-1.8.0-openjdk-1.8.0.232-1\jre\bin;C:\Program Files (x86)\Sennheiser\SoftphoneSDK\;C:\Ruby26-x64\bin;C:\dev\maven3.6\apache-maven-3.6.0\bin;C:\Program Files\NetBeans 8.2\java\maven\bin\mvn;C:\Users\tsavage\AppData\Local\Microsoft\WindowsApps;C:\Users\tsavage\AppData\Local\Programs\Microsoft VS Code\bin;C:\dev\Hugo_v0.49.2;C:\Users\tsavage\AppData\Roaming\Microsoft\Windows\Start Menu\Programs\Python 3.7;C:\Program Files\Java\jdk1.8.0_202\bin;C:\Users\tsavage\AppData\Local\Programs\Microsoft VS Code Insiders\bin;C:\Users\tsavage\AppData\Roaming\npm;C:\Users\tsavage\AppData\Local\Pandoc\;;.
Mar 23, 2020 11:02:50 AM org.apache.coyote.AbstractProtocol init
INFO: Initializing ProtocolHandler ["http-bio-8080"]
Mar 23, 2020 11:02:50 AM org.apache.coyote.AbstractProtocol init
INFO: Initializing ProtocolHandler ["ajp-bio-8009"]
Mar 23, 2020 11:02:50 AM org.apache.catalina.startup.Catalina load
INFO: Initialization processed in 1063 ms
Mar 23, 2020 11:02:50 AM org.apache.catalina.core.StandardService startInternal
INFO: Starting service Catalina
Mar 23, 2020 11:02:50 AM org.apache.catalina.core.StandardEngine startInternal
INFO: Starting Servlet Engine: Apache Tomcat/7.0.96
Mar 23, 2020 11:02:50 AM org.apache.catalina.startup.HostConfig deployDirectory
INFO: Deploying web application directory C:\dev\apache-tomcat-7.0.96 - GraphQLDemo\webapps\docs
Mar 23, 2020 11:02:52 AM org.apache.catalina.util.SessionIdGeneratorBase createSecureRandom
WARNING: Creation of SecureRandom instance for session ID generation using [SHA1PRNG] took [901] milliseconds.
Mar 23, 2020 11:02:52 AM org.apache.catalina.startup.HostConfig deployDirectory
INFO: Deployment of web application directory C:\dev\apache-tomcat-7.0.96 - GraphQLDemo\webapps\docs has finished in 1,469 ms
Mar 23, 2020 11:02:52 AM org.apache.catalina.startup.HostConfig deployDirectory
INFO: Deploying web application directory C:\dev\apache-tomcat-7.0.96 - GraphQLDemo\webapps\examples
Mar 23, 2020 11:02:53 AM org.apache.catalina.startup.HostConfig deployDirectory
INFO: Deployment of web application directory C:\dev\apache-tomcat-7.0.96 - GraphQLDemo\webapps\examples has finished in 614 ms
Mar 23, 2020 11:02:53 AM org.apache.catalina.startup.HostConfig deployDirectory
INFO: Deploying web application directory C:\dev\apache-tomcat-7.0.96 - GraphQLDemo\webapps\host-manager
Mar 23, 2020 11:02:53 AM org.apache.catalina.startup.HostConfig deployDirectory
INFO: Deployment of web application directory C:\dev\apache-tomcat-7.0.96 - GraphQLDemo\webapps\host-manager has finished in 181 ms
Mar 23, 2020 11:02:53 AM org.apache.catalina.startup.HostConfig deployDirectory
INFO: Deploying web application directory C:\dev\apache-tomcat-7.0.96 - GraphQLDemo\webapps\manager
Mar 23, 2020 11:02:53 AM org.apache.catalina.startup.HostConfig deployDirectory
INFO: Deployment of web application directory C:\dev\apache-tomcat-7.0.96 - GraphQLDemo\webapps\manager has finished in 124 ms
Mar 23, 2020 11:02:53 AM org.apache.catalina.startup.HostConfig deployDirectory
INFO: Deploying web application directory C:\dev\apache-tomcat-7.0.96 - GraphQLDemo\webapps\ROOT
Mar 23, 2020 11:02:53 AM org.apache.catalina.startup.HostConfig deployDirectory
INFO: Deployment of web application directory C:\dev\apache-tomcat-7.0.96 - GraphQLDemo\webapps\ROOT has finished in 87 ms
Mar 23, 2020 11:02:53 AM org.apache.coyote.AbstractProtocol start
INFO: Starting ProtocolHandler ["http-bio-8080"]
Mar 23, 2020 11:02:53 AM org.apache.coyote.AbstractProtocol start
INFO: Starting ProtocolHandler ["ajp-bio-8009"]
Mar 23, 2020 11:02:53 AM org.apache.catalina.startup.Catalina start
INFO: Server startup in 2605 ms
Mar 23, 2020 11:10:40 AM org.apache.catalina.core.StandardServer await
INFO: A valid shutdown command was received via the shutdown port. Stopping the Server instance.
Mar 23, 2020 11:10:40 AM org.apache.coyote.AbstractProtocol pause
INFO: Pausing ProtocolHandler ["http-bio-8080"]
Mar 23, 2020 11:10:40 AM org.apache.coyote.AbstractProtocol pause
INFO: Pausing ProtocolHandler ["ajp-bio-8009"]
Mar 23, 2020 11:10:40 AM org.apache.catalina.core.StandardService stopInternal
INFO: Stopping service Catalina
Mar 23, 2020 11:10:40 AM org.apache.coyote.AbstractProtocol stop
INFO: Stopping ProtocolHandler ["http-bio-8080"]
Mar 23, 2020 11:10:40 AM org.apache.coyote.AbstractProtocol stop
INFO: Stopping ProtocolHandler ["ajp-bio-8009"]
Mar 23, 2020 11:10:40 AM org.apache.coyote.AbstractProtocol destroy
INFO: Destroying ProtocolHandler ["http-bio-8080"]
Mar 23, 2020 11:10:40 AM org.apache.coyote.AbstractProtocol destroy
INFO: Destroying ProtocolHandler ["ajp-bio-8009"]
Mar 23, 2020 11:12:00 AM org.apache.catalina.startup.VersionLoggerListener log
INFO: Server version:        Apache Tomcat/7.0.96
Mar 23, 2020 11:12:00 AM org.apache.catalina.startup.VersionLoggerListener log
INFO: Server built:          Jul 24 2019 13:00:10 UTC
Mar 23, 2020 11:12:00 AM org.apache.catalina.startup.VersionLoggerListener log
INFO: Server number:         7.0.96.0
Mar 23, 2020 11:12:00 AM org.apache.catalina.startup.VersionLoggerListener log
INFO: OS Name:               Windows 10
Mar 23, 2020 11:12:00 AM org.apache.catalina.startup.VersionLoggerListener log
INFO: OS Version:            10.0
Mar 23, 2020 11:12:00 AM org.apache.catalina.startup.VersionLoggerListener log
INFO: Architecture:          amd64
Mar 23, 2020 11:12:00 AM org.apache.catalina.startup.VersionLoggerListener log
INFO: Java Home:             C:\Program Files\Java\jdk1.8.0_202\jre
Mar 23, 2020 11:12:00 AM org.apache.catalina.startup.VersionLoggerListener log
INFO: JVM Version:           1.8.0_202-b08
Mar 23, 2020 11:12:00 AM org.apache.catalina.startup.VersionLoggerListener log
INFO: JVM Vendor:            Oracle Corporation
Mar 23, 2020 11:12:00 AM org.apache.catalina.startup.VersionLoggerListener log
INFO: CATALINA_BASE:         C:\dev\apache-tomcat-7.0.96 - GraphQLDemo
Mar 23, 2020 11:12:00 AM org.apache.catalina.startup.VersionLoggerListener log
INFO: CATALINA_HOME:         C:\dev\apache-tomcat-7.0.96 - GraphQLDemo
Mar 23, 2020 11:12:00 AM org.apache.catalina.startup.VersionLoggerListener log
INFO: Command line argument: -Djava.util.logging.config.file=C:\dev\apache-tomcat-7.0.96 - GraphQLDemo\conf\logging.properties
Mar 23, 2020 11:12:00 AM org.apache.catalina.startup.VersionLoggerListener log
INFO: Command line argument: -Djava.util.logging.manager=org.apache.juli.ClassLoaderLogManager
Mar 23, 2020 11:12:00 AM org.apache.catalina.startup.VersionLoggerListener log
INFO: Command line argument: -Dhttp.nonProxyHosts=localhost|127.0.0.1|C00930
Mar 23, 2020 11:12:00 AM org.apache.catalina.startup.VersionLoggerListener log
INFO: Command line argument: -Djdk.tls.ephemeralDHKeySize=2048
Mar 23, 2020 11:12:00 AM org.apache.catalina.startup.VersionLoggerListener log
INFO: Command line argument: -Dignore.endorsed.dirs=
Mar 23, 2020 11:12:00 AM org.apache.catalina.startup.VersionLoggerListener log
INFO: Command line argument: -Dcatalina.base=C:\dev\apache-tomcat-7.0.96 - GraphQLDemo
Mar 23, 2020 11:12:00 AM org.apache.catalina.startup.VersionLoggerListener log
INFO: Command line argument: -Dcatalina.home=C:\dev\apache-tomcat-7.0.96 - GraphQLDemo
Mar 23, 2020 11:12:00 AM org.apache.catalina.startup.VersionLoggerListener log
INFO: Command line argument: -Djava.io.tmpdir=C:\dev\apache-tomcat-7.0.96 - GraphQLDemo\temp
Mar 23, 2020 11:12:00 AM org.apache.catalina.core.AprLifecycleListener lifecycleEvent
INFO: The APR based Apache Tomcat Native library which allows optimal performance in production environments was not found on the java.library.path: C:\Program Files\Java\jdk1.8.0_202\bin;C:\WINDOWS\Sun\Java\bin;C:\WINDOWS\system32;C:\WINDOWS;C:\ProgramData\DockerDesktop\version-bin;C:\Program Files\Docker\Docker\Resources\bin;C:\Program Files (x86)\Common Files\Oracle\Java\javapath;C:\Program Files (x86)\Intel\iCLS Client\;C:\Program Files\Intel\iCLS Client\;C:\WINDOWS\system32;C:\WINDOWS;C:\WINDOWS\System32\Wbem;C:\WINDOWS\System32\WindowsPowerShell\v1.0\;C:\Program Files (x86)\Shoreline Communications\ShoreWare Client\;C:\Program Files (x86)\Shoreline Communications\ShoreWare Client\win64;C:\Program Files\Intel\WiFi\bin\;C:\Program Files\Common Files\Intel\WirelessCommon\;C:\Program Files (x86)\Intel\Intel(R) Management Engine Components\DAL;C:\Program Files\Intel\Intel(R) Management Engine Components\DAL;C:\Program Files (x86)\Intel\Intel(R) Management Engine Components\IPT;C:\Program Files\Intel\Intel(R) Management Engine Components\IPT;C:\WINDOWS\System32\OpenSSH\;C:\Program Files\Git\cmd;C:\Program Files\nodejs\;C:\dev\SavageScholarProject\javadocs\graphviz-2.38\release\bin;C:\Program Files\ojdkbuild\java-1.8.0-openjdk-1.8.0.232-1\bin;C:\Program Files\ojdkbuild\java-1.8.0-openjdk-1.8.0.232-1\jre\bin;C:\Program Files (x86)\Sennheiser\SoftphoneSDK\;C:\Ruby26-x64\bin;C:\dev\maven3.6\apache-maven-3.6.0\bin;C:\Program Files\NetBeans 8.2\java\maven\bin\mvn;C:\Users\tsavage\AppData\Local\Microsoft\WindowsApps;C:\Users\tsavage\AppData\Local\Programs\Microsoft VS Code\bin;C:\dev\Hugo_v0.49.2;C:\Users\tsavage\AppData\Roaming\Microsoft\Windows\Start Menu\Programs\Python 3.7;C:\Program Files\Java\jdk1.8.0_202\bin;C:\Users\tsavage\AppData\Local\Programs\Microsoft VS Code Insiders\bin;C:\Users\tsavage\AppData\Roaming\npm;C:\Users\tsavage\AppData\Local\Pandoc\;;.
Mar 23, 2020 11:12:00 AM org.apache.coyote.AbstractProtocol init
INFO: Initializing ProtocolHandler ["http-bio-8080"]
Mar 23, 2020 11:12:00 AM org.apache.coyote.AbstractProtocol init
INFO: Initializing ProtocolHandler ["ajp-bio-8009"]
Mar 23, 2020 11:12:00 AM org.apache.catalina.startup.Catalina load
INFO: Initialization processed in 641 ms
Mar 23, 2020 11:12:00 AM org.apache.catalina.core.StandardService startInternal
INFO: Starting service Catalina
Mar 23, 2020 11:12:00 AM org.apache.catalina.core.StandardEngine startInternal
INFO: Starting Servlet Engine: Apache Tomcat/7.0.96
Mar 23, 2020 11:12:00 AM org.apache.catalina.startup.HostConfig deployWAR
INFO: Deploying web application archive C:\dev\apache-tomcat-7.0.96 - GraphQLDemo\webapps\hackernews.war
Mar 23, 2020 11:12:01 AM org.apache.catalina.startup.TldConfig execute
INFO: At least one JAR was scanned for TLDs yet contained no TLDs. Enable debug logging for this logger for a complete list of JARs that were scanned but no TLDs were found in them. Skipping unneeded JARs during scanning can improve startup time and JSP compilation time.
Mar 23, 2020 11:12:02 AM org.apache.catalina.util.SessionIdGeneratorBase createSecureRandom
WARNING: Creation of SecureRandom instance for session ID generation using [SHA1PRNG] took [763] milliseconds.
Mar 23, 2020 11:12:02 AM org.apache.catalina.startup.HostConfig deployWAR
INFO: Deployment of web application archive C:\dev\apache-tomcat-7.0.96 - GraphQLDemo\webapps\hackernews.war has finished in 2,261 ms
Mar 23, 2020 11:12:02 AM org.apache.catalina.startup.HostConfig deployDirectory
INFO: Deploying web application directory C:\dev\apache-tomcat-7.0.96 - GraphQLDemo\webapps\docs
Mar 23, 2020 11:12:02 AM org.apache.catalina.startup.HostConfig deployDirectory
INFO: Deployment of web application directory C:\dev\apache-tomcat-7.0.96 - GraphQLDemo\webapps\docs has finished in 63 ms
Mar 23, 2020 11:12:02 AM org.apache.catalina.startup.HostConfig deployDirectory
INFO: Deploying web application directory C:\dev\apache-tomcat-7.0.96 - GraphQLDemo\webapps\examples
Mar 23, 2020 11:12:03 AM org.apache.catalina.startup.HostConfig deployDirectory
INFO: Deployment of web application directory C:\dev\apache-tomcat-7.0.96 - GraphQLDemo\webapps\examples has finished in 334 ms
Mar 23, 2020 11:12:03 AM org.apache.catalina.startup.HostConfig deployDirectory
INFO: Deploying web application directory C:\dev\apache-tomcat-7.0.96 - GraphQLDemo\webapps\host-manager
Mar 23, 2020 11:12:03 AM org.apache.catalina.startup.HostConfig deployDirectory
INFO: Deployment of web application directory C:\dev\apache-tomcat-7.0.96 - GraphQLDemo\webapps\host-manager has finished in 84 ms
Mar 23, 2020 11:12:03 AM org.apache.catalina.startup.HostConfig deployDirectory
INFO: Deploying web application directory C:\dev\apache-tomcat-7.0.96 - GraphQLDemo\webapps\manager
Mar 23, 2020 11:12:03 AM org.apache.catalina.startup.HostConfig deployDirectory
INFO: Deployment of web application directory C:\dev\apache-tomcat-7.0.96 - GraphQLDemo\webapps\manager has finished in 67 ms
Mar 23, 2020 11:12:03 AM org.apache.catalina.startup.HostConfig deployDirectory
INFO: Deploying web application directory C:\dev\apache-tomcat-7.0.96 - GraphQLDemo\webapps\ROOT
Mar 23, 2020 11:12:03 AM org.apache.catalina.startup.HostConfig deployDirectory
INFO: Deployment of web application directory C:\dev\apache-tomcat-7.0.96 - GraphQLDemo\webapps\ROOT has finished in 59 ms
Mar 23, 2020 11:12:03 AM org.apache.coyote.AbstractProtocol start
INFO: Starting ProtocolHandler ["http-bio-8080"]
Mar 23, 2020 11:12:03 AM org.apache.coyote.AbstractProtocol start
INFO: Starting ProtocolHandler ["ajp-bio-8009"]
Mar 23, 2020 11:12:03 AM org.apache.catalina.startup.Catalina start
INFO: Server startup in 2950 ms
Mar 23, 2020 11:33:51 AM org.apache.catalina.core.StandardServer await
INFO: A valid shutdown command was received via the shutdown port. Stopping the Server instance.
Mar 23, 2020 11:33:51 AM org.apache.coyote.AbstractProtocol pause
INFO: Pausing ProtocolHandler ["http-bio-8080"]
Mar 23, 2020 11:33:51 AM org.apache.coyote.AbstractProtocol pause
INFO: Pausing ProtocolHandler ["ajp-bio-8009"]
Mar 23, 2020 11:33:51 AM org.apache.catalina.core.StandardService stopInternal
INFO: Stopping service Catalina
Mar 23, 2020 11:33:51 AM org.apache.coyote.AbstractProtocol stop
INFO: Stopping ProtocolHandler ["http-bio-8080"]
Mar 23, 2020 11:33:51 AM org.apache.coyote.AbstractProtocol stop
INFO: Stopping ProtocolHandler ["ajp-bio-8009"]
Mar 23, 2020 11:33:51 AM org.apache.coyote.AbstractProtocol destroy
INFO: Destroying ProtocolHandler ["http-bio-8080"]
Mar 23, 2020 11:33:51 AM org.apache.coyote.AbstractProtocol destroy
INFO: Destroying ProtocolHandler ["ajp-bio-8009"]
Mar 23, 2020 11:42:11 AM org.apache.catalina.startup.VersionLoggerListener log
INFO: Server version:        Apache Tomcat/7.0.96
Mar 23, 2020 11:42:11 AM org.apache.catalina.startup.VersionLoggerListener log
INFO: Server built:          Jul 24 2019 13:00:10 UTC
Mar 23, 2020 11:42:11 AM org.apache.catalina.startup.VersionLoggerListener log
INFO: Server number:         7.0.96.0
Mar 23, 2020 11:42:11 AM org.apache.catalina.startup.VersionLoggerListener log
INFO: OS Name:               Windows 10
Mar 23, 2020 11:42:11 AM org.apache.catalina.startup.VersionLoggerListener log
INFO: OS Version:            10.0
Mar 23, 2020 11:42:11 AM org.apache.catalina.startup.VersionLoggerListener log
INFO: Architecture:          amd64
Mar 23, 2020 11:42:11 AM org.apache.catalina.startup.VersionLoggerListener log
INFO: Java Home:             C:\Program Files\Java\jdk1.8.0_202\jre
Mar 23, 2020 11:42:11 AM org.apache.catalina.startup.VersionLoggerListener log
INFO: JVM Version:           1.8.0_202-b08
Mar 23, 2020 11:42:11 AM org.apache.catalina.startup.VersionLoggerListener log
INFO: JVM Vendor:            Oracle Corporation
Mar 23, 2020 11:42:11 AM org.apache.catalina.startup.VersionLoggerListener log
INFO: CATALINA_BASE:         C:\dev\apache-tomcat-7.0.96 - GraphQLDemo
Mar 23, 2020 11:42:11 AM org.apache.catalina.startup.VersionLoggerListener log
INFO: CATALINA_HOME:         C:\dev\apache-tomcat-7.0.96 - GraphQLDemo
Mar 23, 2020 11:42:11 AM org.apache.catalina.startup.VersionLoggerListener log
INFO: Command line argument: -Djava.util.logging.config.file=C:\dev\apache-tomcat-7.0.96 - GraphQLDemo\conf\logging.properties
Mar 23, 2020 11:42:11 AM org.apache.catalina.startup.VersionLoggerListener log
INFO: Command line argument: -Djava.util.logging.manager=org.apache.juli.ClassLoaderLogManager
Mar 23, 2020 11:42:11 AM org.apache.catalina.startup.VersionLoggerListener log
INFO: Command line argument: -Dhttp.nonProxyHosts=localhost|127.0.0.1|C00930
Mar 23, 2020 11:42:11 AM org.apache.catalina.startup.VersionLoggerListener log
INFO: Command line argument: -Djdk.tls.ephemeralDHKeySize=2048
Mar 23, 2020 11:42:11 AM org.apache.catalina.startup.VersionLoggerListener log
INFO: Command line argument: -Dignore.endorsed.dirs=
Mar 23, 2020 11:42:11 AM org.apache.catalina.startup.VersionLoggerListener log
INFO: Command line argument: -Dcatalina.base=C:\dev\apache-tomcat-7.0.96 - GraphQLDemo
Mar 23, 2020 11:42:11 AM org.apache.catalina.startup.VersionLoggerListener log
INFO: Command line argument: -Dcatalina.home=C:\dev\apache-tomcat-7.0.96 - GraphQLDemo
Mar 23, 2020 11:42:11 AM org.apache.catalina.startup.VersionLoggerListener log
INFO: Command line argument: -Djava.io.tmpdir=C:\dev\apache-tomcat-7.0.96 - GraphQLDemo\temp
Mar 23, 2020 11:42:11 AM org.apache.catalina.core.AprLifecycleListener lifecycleEvent
INFO: The APR based Apache Tomcat Native library which allows optimal performance in production environments was not found on the java.library.path: C:\Program Files\Java\jdk1.8.0_202\bin;C:\WINDOWS\Sun\Java\bin;C:\WINDOWS\system32;C:\WINDOWS;C:\ProgramData\DockerDesktop\version-bin;C:\Program Files\Docker\Docker\Resources\bin;C:\Program Files (x86)\Common Files\Oracle\Java\javapath;C:\Program Files (x86)\Intel\iCLS Client\;C:\Program Files\Intel\iCLS Client\;C:\WINDOWS\system32;C:\WINDOWS;C:\WINDOWS\System32\Wbem;C:\WINDOWS\System32\WindowsPowerShell\v1.0\;C:\Program Files (x86)\Shoreline Communications\ShoreWare Client\;C:\Program Files (x86)\Shoreline Communications\ShoreWare Client\win64;C:\Program Files\Intel\WiFi\bin\;C:\Program Files\Common Files\Intel\WirelessCommon\;C:\Program Files (x86)\Intel\Intel(R) Management Engine Components\DAL;C:\Program Files\Intel\Intel(R) Management Engine Components\DAL;C:\Program Files (x86)\Intel\Intel(R) Management Engine Components\IPT;C:\Program Files\Intel\Intel(R) Management Engine Components\IPT;C:\WINDOWS\System32\OpenSSH\;C:\Program Files\Git\cmd;C:\Program Files\nodejs\;C:\dev\SavageScholarProject\javadocs\graphviz-2.38\release\bin;C:\Program Files\ojdkbuild\java-1.8.0-openjdk-1.8.0.232-1\bin;C:\Program Files\ojdkbuild\java-1.8.0-openjdk-1.8.0.232-1\jre\bin;C:\Program Files (x86)\Sennheiser\SoftphoneSDK\;C:\Ruby26-x64\bin;C:\dev\maven3.6\apache-maven-3.6.0\bin;C:\Program Files\NetBeans 8.2\java\maven\bin\mvn;C:\Users\tsavage\AppData\Local\Microsoft\WindowsApps;C:\Users\tsavage\AppData\Local\Programs\Microsoft VS Code\bin;C:\dev\Hugo_v0.49.2;C:\Users\tsavage\AppData\Roaming\Microsoft\Windows\Start Menu\Programs\Python 3.7;C:\Program Files\Java\jdk1.8.0_202\bin;C:\Users\tsavage\AppData\Local\Programs\Microsoft VS Code Insiders\bin;C:\Users\tsavage\AppData\Roaming\npm;C:\Users\tsavage\AppData\Local\Pandoc\;;.
Mar 23, 2020 11:42:11 AM org.apache.coyote.AbstractProtocol init
INFO: Initializing ProtocolHandler ["http-bio-8080"]
Mar 23, 2020 11:42:11 AM org.apache.coyote.AbstractProtocol init
INFO: Initializing ProtocolHandler ["ajp-bio-8009"]
Mar 23, 2020 11:42:11 AM org.apache.catalina.startup.Catalina load
INFO: Initialization processed in 722 ms
Mar 23, 2020 11:42:11 AM org.apache.catalina.core.StandardService startInternal
INFO: Starting service Catalina
Mar 23, 2020 11:42:11 AM org.apache.catalina.core.StandardEngine startInternal
INFO: Starting Servlet Engine: Apache Tomcat/7.0.96
Mar 23, 2020 11:42:11 AM org.apache.catalina.startup.HostConfig deployWAR
INFO: Deploying web application archive C:\dev\apache-tomcat-7.0.96 - GraphQLDemo\webapps\hackernews.war
Mar 23, 2020 11:42:13 AM org.apache.catalina.startup.TldConfig execute
INFO: At least one JAR was scanned for TLDs yet contained no TLDs. Enable debug logging for this logger for a complete list of JARs that were scanned but no TLDs were found in them. Skipping unneeded JARs during scanning can improve startup time and JSP compilation time.
Mar 23, 2020 11:42:14 AM org.apache.catalina.util.SessionIdGeneratorBase createSecureRandom
WARNING: Creation of SecureRandom instance for session ID generation using [SHA1PRNG] took [831] milliseconds.
Mar 23, 2020 11:42:14 AM org.apache.catalina.startup.HostConfig deployWAR
INFO: Deployment of web application archive C:\dev\apache-tomcat-7.0.96 - GraphQLDemo\webapps\hackernews.war has finished in 2,332 ms
Mar 23, 2020 11:42:14 AM org.apache.catalina.startup.HostConfig deployDirectory
INFO: Deploying web application directory C:\dev\apache-tomcat-7.0.96 - GraphQLDemo\webapps\docs
Mar 23, 2020 11:42:14 AM org.apache.catalina.startup.HostConfig deployDirectory
INFO: Deployment of web application directory C:\dev\apache-tomcat-7.0.96 - GraphQLDemo\webapps\docs has finished in 91 ms
Mar 23, 2020 11:42:14 AM org.apache.catalina.startup.HostConfig deployDirectory
INFO: Deploying web application directory C:\dev\apache-tomcat-7.0.96 - GraphQLDemo\webapps\examples
Mar 23, 2020 11:42:14 AM org.apache.catalina.startup.HostConfig deployDirectory
INFO: Deployment of web application directory C:\dev\apache-tomcat-7.0.96 - GraphQLDemo\webapps\examples has finished in 410 ms
Mar 23, 2020 11:42:14 AM org.apache.catalina.startup.HostConfig deployDirectory
INFO: Deploying web application directory C:\dev\apache-tomcat-7.0.96 - GraphQLDemo\webapps\host-manager
Mar 23, 2020 11:42:14 AM org.apache.catalina.startup.HostConfig deployDirectory
INFO: Deployment of web application directory C:\dev\apache-tomcat-7.0.96 - GraphQLDemo\webapps\host-manager has finished in 88 ms
Mar 23, 2020 11:42:14 AM org.apache.catalina.startup.HostConfig deployDirectory
INFO: Deploying web application directory C:\dev\apache-tomcat-7.0.96 - GraphQLDemo\webapps\manager
Mar 23, 2020 11:42:14 AM org.apache.catalina.startup.HostConfig deployDirectory
INFO: Deployment of web application directory C:\dev\apache-tomcat-7.0.96 - GraphQLDemo\webapps\manager has finished in 108 ms
Mar 23, 2020 11:42:14 AM org.apache.catalina.startup.HostConfig deployDirectory
INFO: Deploying web application directory C:\dev\apache-tomcat-7.0.96 - GraphQLDemo\webapps\ROOT
Mar 23, 2020 11:42:14 AM org.apache.catalina.startup.HostConfig deployDirectory
INFO: Deployment of web application directory C:\dev\apache-tomcat-7.0.96 - GraphQLDemo\webapps\ROOT has finished in 76 ms
Mar 23, 2020 11:42:14 AM org.apache.coyote.AbstractProtocol start
INFO: Starting ProtocolHandler ["http-bio-8080"]
Mar 23, 2020 11:42:14 AM org.apache.coyote.AbstractProtocol start
INFO: Starting ProtocolHandler ["ajp-bio-8009"]
Mar 23, 2020 11:42:15 AM org.apache.catalina.startup.Catalina start
INFO: Server startup in 3203 ms
Mar 23, 2020 11:48:22 AM org.apache.catalina.core.StandardServer await
INFO: A valid shutdown command was received via the shutdown port. Stopping the Server instance.
Mar 23, 2020 11:48:22 AM org.apache.coyote.AbstractProtocol pause
INFO: Pausing ProtocolHandler ["http-bio-8080"]
Mar 23, 2020 11:48:22 AM org.apache.coyote.AbstractProtocol pause
INFO: Pausing ProtocolHandler ["ajp-bio-8009"]
Mar 23, 2020 11:48:22 AM org.apache.catalina.core.StandardService stopInternal
INFO: Stopping service Catalina
Mar 23, 2020 11:48:22 AM org.apache.coyote.AbstractProtocol stop
INFO: Stopping ProtocolHandler ["http-bio-8080"]
Mar 23, 2020 11:48:22 AM org.apache.coyote.AbstractProtocol stop
INFO: Stopping ProtocolHandler ["ajp-bio-8009"]
Mar 23, 2020 11:48:22 AM org.apache.coyote.AbstractProtocol destroy
INFO: Destroying ProtocolHandler ["http-bio-8080"]
Mar 23, 2020 11:48:22 AM org.apache.coyote.AbstractProtocol destroy
INFO: Destroying ProtocolHandler ["ajp-bio-8009"]
Mar 23, 2020 11:59:05 AM org.apache.catalina.startup.VersionLoggerListener log
INFO: Server version:        Apache Tomcat/7.0.96
Mar 23, 2020 11:59:05 AM org.apache.catalina.startup.VersionLoggerListener log
INFO: Server built:          Jul 24 2019 13:00:10 UTC
Mar 23, 2020 11:59:05 AM org.apache.catalina.startup.VersionLoggerListener log
INFO: Server number:         7.0.96.0
Mar 23, 2020 11:59:05 AM org.apache.catalina.startup.VersionLoggerListener log
INFO: OS Name:               Windows 10
Mar 23, 2020 11:59:05 AM org.apache.catalina.startup.VersionLoggerListener log
INFO: OS Version:            10.0
Mar 23, 2020 11:59:05 AM org.apache.catalina.startup.VersionLoggerListener log
INFO: Architecture:          amd64
Mar 23, 2020 11:59:05 AM org.apache.catalina.startup.VersionLoggerListener log
INFO: Java Home:             C:\Program Files\Java\jdk1.8.0_202\jre
Mar 23, 2020 11:59:05 AM org.apache.catalina.startup.VersionLoggerListener log
INFO: JVM Version:           1.8.0_202-b08
Mar 23, 2020 11:59:05 AM org.apache.catalina.startup.VersionLoggerListener log
INFO: JVM Vendor:            Oracle Corporation
Mar 23, 2020 11:59:05 AM org.apache.catalina.startup.VersionLoggerListener log
INFO: CATALINA_BASE:         C:\dev\GraphQLDemo\apache-tomcat-7.0.96 - GraphQLDemo
Mar 23, 2020 11:59:05 AM org.apache.catalina.startup.VersionLoggerListener log
INFO: CATALINA_HOME:         C:\dev\GraphQLDemo\apache-tomcat-7.0.96 - GraphQLDemo
Mar 23, 2020 11:59:05 AM org.apache.catalina.startup.VersionLoggerListener log
INFO: Command line argument: -Djava.util.logging.config.file=C:\dev\GraphQLDemo\apache-tomcat-7.0.96 - GraphQLDemo\conf\logging.properties
Mar 23, 2020 11:59:05 AM org.apache.catalina.startup.VersionLoggerListener log
INFO: Command line argument: -Djava.util.logging.manager=org.apache.juli.ClassLoaderLogManager
Mar 23, 2020 11:59:05 AM org.apache.catalina.startup.VersionLoggerListener log
INFO: Command line argument: -Dhttp.nonProxyHosts=localhost|127.0.0.1|C00930
Mar 23, 2020 11:59:05 AM org.apache.catalina.startup.VersionLoggerListener log
INFO: Command line argument: -Djdk.tls.ephemeralDHKeySize=2048
Mar 23, 2020 11:59:05 AM org.apache.catalina.startup.VersionLoggerListener log
INFO: Command line argument: -Dignore.endorsed.dirs=
Mar 23, 2020 11:59:05 AM org.apache.catalina.startup.VersionLoggerListener log
INFO: Command line argument: -Dcatalina.base=C:\dev\GraphQLDemo\apache-tomcat-7.0.96 - GraphQLDemo
Mar 23, 2020 11:59:05 AM org.apache.catalina.startup.VersionLoggerListener log
INFO: Command line argument: -Dcatalina.home=C:\dev\GraphQLDemo\apache-tomcat-7.0.96 - GraphQLDemo
Mar 23, 2020 11:59:05 AM org.apache.catalina.startup.VersionLoggerListener log
INFO: Command line argument: -Djava.io.tmpdir=C:\dev\GraphQLDemo\apache-tomcat-7.0.96 - GraphQLDemo\temp
Mar 23, 2020 11:59:05 AM org.apache.catalina.core.AprLifecycleListener lifecycleEvent
INFO: The APR based Apache Tomcat Native library which allows optimal performance in production environments was not found on the java.library.path: C:\Program Files\Java\jdk1.8.0_202\bin;C:\WINDOWS\Sun\Java\bin;C:\WINDOWS\system32;C:\WINDOWS;C:\ProgramData\DockerDesktop\version-bin;C:\Program Files\Docker\Docker\Resources\bin;C:\Program Files (x86)\Common Files\Oracle\Java\javapath;C:\Program Files (x86)\Intel\iCLS Client\;C:\Program Files\Intel\iCLS Client\;C:\WINDOWS\system32;C:\WINDOWS;C:\WINDOWS\System32\Wbem;C:\WINDOWS\System32\WindowsPowerShell\v1.0\;C:\Program Files (x86)\Shoreline Communications\ShoreWare Client\;C:\Program Files (x86)\Shoreline Communications\ShoreWare Client\win64;C:\Program Files\Intel\WiFi\bin\;C:\Program Files\Common Files\Intel\WirelessCommon\;C:\Program Files (x86)\Intel\Intel(R) Management Engine Components\DAL;C:\Program Files\Intel\Intel(R) Management Engine Components\DAL;C:\Program Files (x86)\Intel\Intel(R) Management Engine Components\IPT;C:\Program Files\Intel\Intel(R) Management Engine Components\IPT;C:\WINDOWS\System32\OpenSSH\;C:\Program Files\Git\cmd;C:\Program Files\nodejs\;C:\dev\SavageScholarProject\javadocs\graphviz-2.38\release\bin;C:\Program Files\ojdkbuild\java-1.8.0-openjdk-1.8.0.232-1\bin;C:\Program Files\ojdkbuild\java-1.8.0-openjdk-1.8.0.232-1\jre\bin;C:\Program Files (x86)\Sennheiser\SoftphoneSDK\;C:\Ruby26-x64\bin;C:\dev\maven3.6\apache-maven-3.6.0\bin;C:\Program Files\NetBeans 8.2\java\maven\bin\mvn;C:\Users\tsavage\AppData\Local\Microsoft\WindowsApps;C:\Users\tsavage\AppData\Local\Programs\Microsoft VS Code\bin;C:\dev\Hugo_v0.49.2;C:\Users\tsavage\AppData\Roaming\Microsoft\Windows\Start Menu\Programs\Python 3.7;C:\Program Files\Java\jdk1.8.0_202\bin;C:\Users\tsavage\AppData\Local\Programs\Microsoft VS Code Insiders\bin;C:\Users\tsavage\AppData\Roaming\npm;C:\Users\tsavage\AppData\Local\Pandoc\;;.
Mar 23, 2020 11:59:05 AM org.apache.coyote.AbstractProtocol init
INFO: Initializing ProtocolHandler ["http-bio-8080"]
Mar 23, 2020 11:59:05 AM org.apache.coyote.AbstractProtocol init
INFO: Initializing ProtocolHandler ["ajp-bio-8009"]
Mar 23, 2020 11:59:05 AM org.apache.catalina.startup.Catalina load
INFO: Initialization processed in 605 ms
Mar 23, 2020 11:59:05 AM org.apache.catalina.core.StandardService startInternal
INFO: Starting service Catalina
Mar 23, 2020 11:59:05 AM org.apache.catalina.core.StandardEngine startInternal
INFO: Starting Servlet Engine: Apache Tomcat/7.0.96
Mar 23, 2020 11:59:05 AM org.apache.catalina.startup.HostConfig deployWAR
INFO: Deploying web application archive C:\dev\GraphQLDemo\apache-tomcat-7.0.96 - GraphQLDemo\webapps\hackernews.war
Mar 23, 2020 11:59:07 AM org.apache.catalina.startup.TldConfig execute
INFO: At least one JAR was scanned for TLDs yet contained no TLDs. Enable debug logging for this logger for a complete list of JARs that were scanned but no TLDs were found in them. Skipping unneeded JARs during scanning can improve startup time and JSP compilation time.
Mar 23, 2020 11:59:08 AM org.apache.catalina.util.SessionIdGeneratorBase createSecureRandom
WARNING: Creation of SecureRandom instance for session ID generation using [SHA1PRNG] took [828] milliseconds.
Mar 23, 2020 11:59:08 AM org.apache.catalina.startup.HostConfig deployWAR
INFO: Deployment of web application archive C:\dev\GraphQLDemo\apache-tomcat-7.0.96 - GraphQLDemo\webapps\hackernews.war has finished in 2,553 ms
Mar 23, 2020 11:59:08 AM org.apache.catalina.startup.HostConfig deployDirectory
INFO: Deploying web application directory C:\dev\GraphQLDemo\apache-tomcat-7.0.96 - GraphQLDemo\webapps\docs
Mar 23, 2020 11:59:08 AM org.apache.catalina.startup.HostConfig deployDirectory
INFO: Deployment of web application directory C:\dev\GraphQLDemo\apache-tomcat-7.0.96 - GraphQLDemo\webapps\docs has finished in 88 ms
Mar 23, 2020 11:59:08 AM org.apache.catalina.startup.HostConfig deployDirectory
INFO: Deploying web application directory C:\dev\GraphQLDemo\apache-tomcat-7.0.96 - GraphQLDemo\webapps\examples
Mar 23, 2020 11:59:08 AM org.apache.catalina.startup.HostConfig deployDirectory
INFO: Deployment of web application directory C:\dev\GraphQLDemo\apache-tomcat-7.0.96 - GraphQLDemo\webapps\examples has finished in 355 ms
Mar 23, 2020 11:59:08 AM org.apache.catalina.startup.HostConfig deployDirectory
INFO: Deploying web application directory C:\dev\GraphQLDemo\apache-tomcat-7.0.96 - GraphQLDemo\webapps\host-manager
Mar 23, 2020 11:59:08 AM org.apache.catalina.startup.HostConfig deployDirectory
INFO: Deployment of web application directory C:\dev\GraphQLDemo\apache-tomcat-7.0.96 - GraphQLDemo\webapps\host-manager has finished in 81 ms
Mar 23, 2020 11:59:08 AM org.apache.catalina.startup.HostConfig deployDirectory
INFO: Deploying web application directory C:\dev\GraphQLDemo\apache-tomcat-7.0.96 - GraphQLDemo\webapps\manager
Mar 23, 2020 11:59:08 AM org.apache.catalina.startup.HostConfig deployDirectory
INFO: Deployment of web application directory C:\dev\GraphQLDemo\apache-tomcat-7.0.96 - GraphQLDemo\webapps\manager has finished in 95 ms
Mar 23, 2020 11:59:08 AM org.apache.catalina.startup.HostConfig deployDirectory
INFO: Deploying web application directory C:\dev\GraphQLDemo\apache-tomcat-7.0.96 - GraphQLDemo\webapps\ROOT
Mar 23, 2020 11:59:08 AM org.apache.catalina.startup.HostConfig deployDirectory
INFO: Deployment of web application directory C:\dev\GraphQLDemo\apache-tomcat-7.0.96 - GraphQLDemo\webapps\ROOT has finished in 66 ms
Mar 23, 2020 11:59:08 AM org.apache.coyote.AbstractProtocol start
INFO: Starting ProtocolHandler ["http-bio-8080"]
Mar 23, 2020 11:59:08 AM org.apache.coyote.AbstractProtocol start
INFO: Starting ProtocolHandler ["ajp-bio-8009"]
Mar 23, 2020 11:59:08 AM org.apache.catalina.startup.Catalina start
INFO: Server startup in 3323 ms
Mar 23, 2020 12:00:48 PM org.apache.catalina.core.StandardServer await
INFO: A valid shutdown command was received via the shutdown port. Stopping the Server instance.
Mar 23, 2020 12:00:48 PM org.apache.coyote.AbstractProtocol pause
INFO: Pausing ProtocolHandler ["http-bio-8080"]
Mar 23, 2020 12:00:48 PM org.apache.coyote.AbstractProtocol pause
INFO: Pausing ProtocolHandler ["ajp-bio-8009"]
Mar 23, 2020 12:00:48 PM org.apache.catalina.core.StandardService stopInternal
INFO: Stopping service Catalina
Mar 23, 2020 12:00:49 PM org.apache.coyote.AbstractProtocol stop
INFO: Stopping ProtocolHandler ["http-bio-8080"]
Mar 23, 2020 12:00:49 PM org.apache.coyote.AbstractProtocol stop
INFO: Stopping ProtocolHandler ["ajp-bio-8009"]
Mar 23, 2020 12:00:49 PM org.apache.coyote.AbstractProtocol destroy
INFO: Destroying ProtocolHandler ["http-bio-8080"]
Mar 23, 2020 12:00:49 PM org.apache.coyote.AbstractProtocol destroy
INFO: Destroying ProtocolHandler ["ajp-bio-8009"]
Mar 23, 2020 12:01:32 PM org.apache.catalina.startup.VersionLoggerListener log
INFO: Server version:        Apache Tomcat/7.0.96
Mar 23, 2020 12:01:32 PM org.apache.catalina.startup.VersionLoggerListener log
INFO: Server built:          Jul 24 2019 13:00:10 UTC
Mar 23, 2020 12:01:32 PM org.apache.catalina.startup.VersionLoggerListener log
INFO: Server number:         7.0.96.0
Mar 23, 2020 12:01:32 PM org.apache.catalina.startup.VersionLoggerListener log
INFO: OS Name:               Windows 10
Mar 23, 2020 12:01:32 PM org.apache.catalina.startup.VersionLoggerListener log
INFO: OS Version:            10.0
Mar 23, 2020 12:01:32 PM org.apache.catalina.startup.VersionLoggerListener log
INFO: Architecture:          amd64
Mar 23, 2020 12:01:32 PM org.apache.catalina.startup.VersionLoggerListener log
INFO: Java Home:             C:\Program Files\Java\jdk1.8.0_202\jre
Mar 23, 2020 12:01:32 PM org.apache.catalina.startup.VersionLoggerListener log
INFO: JVM Version:           1.8.0_202-b08
Mar 23, 2020 12:01:32 PM org.apache.catalina.startup.VersionLoggerListener log
INFO: JVM Vendor:            Oracle Corporation
Mar 23, 2020 12:01:32 PM org.apache.catalina.startup.VersionLoggerListener log
INFO: CATALINA_BASE:         C:\dev\GraphQLDemo\apache-tomcat-7.0.96 - GraphQLDemo
Mar 23, 2020 12:01:32 PM org.apache.catalina.startup.VersionLoggerListener log
INFO: CATALINA_HOME:         C:\dev\GraphQLDemo\apache-tomcat-7.0.96 - GraphQLDemo
Mar 23, 2020 12:01:32 PM org.apache.catalina.startup.VersionLoggerListener log
INFO: Command line argument: -Djava.util.logging.config.file=C:\dev\GraphQLDemo\apache-tomcat-7.0.96 - GraphQLDemo\conf\logging.properties
Mar 23, 2020 12:01:32 PM org.apache.catalina.startup.VersionLoggerListener log
INFO: Command line argument: -Djava.util.logging.manager=org.apache.juli.ClassLoaderLogManager
Mar 23, 2020 12:01:32 PM org.apache.catalina.startup.VersionLoggerListener log
INFO: Command line argument: -Dhttp.nonProxyHosts=localhost|127.0.0.1|C00930
Mar 23, 2020 12:01:32 PM org.apache.catalina.startup.VersionLoggerListener log
INFO: Command line argument: -Djdk.tls.ephemeralDHKeySize=2048
Mar 23, 2020 12:01:32 PM org.apache.catalina.startup.VersionLoggerListener log
INFO: Command line argument: -Dignore.endorsed.dirs=
Mar 23, 2020 12:01:32 PM org.apache.catalina.startup.VersionLoggerListener log
INFO: Command line argument: -Dcatalina.base=C:\dev\GraphQLDemo\apache-tomcat-7.0.96 - GraphQLDemo
Mar 23, 2020 12:01:32 PM org.apache.catalina.startup.VersionLoggerListener log
INFO: Command line argument: -Dcatalina.home=C:\dev\GraphQLDemo\apache-tomcat-7.0.96 - GraphQLDemo
Mar 23, 2020 12:01:32 PM org.apache.catalina.startup.VersionLoggerListener log
INFO: Command line argument: -Djava.io.tmpdir=C:\dev\GraphQLDemo\apache-tomcat-7.0.96 - GraphQLDemo\temp
Mar 23, 2020 12:01:32 PM org.apache.catalina.core.AprLifecycleListener lifecycleEvent
INFO: The APR based Apache Tomcat Native library which allows optimal performance in production environments was not found on the java.library.path: C:\Program Files\Java\jdk1.8.0_202\bin;C:\WINDOWS\Sun\Java\bin;C:\WINDOWS\system32;C:\WINDOWS;C:\ProgramData\DockerDesktop\version-bin;C:\Program Files\Docker\Docker\Resources\bin;C:\Program Files (x86)\Common Files\Oracle\Java\javapath;C:\Program Files (x86)\Intel\iCLS Client\;C:\Program Files\Intel\iCLS Client\;C:\WINDOWS\system32;C:\WINDOWS;C:\WINDOWS\System32\Wbem;C:\WINDOWS\System32\WindowsPowerShell\v1.0\;C:\Program Files (x86)\Shoreline Communications\ShoreWare Client\;C:\Program Files (x86)\Shoreline Communications\ShoreWare Client\win64;C:\Program Files\Intel\WiFi\bin\;C:\Program Files\Common Files\Intel\WirelessCommon\;C:\Program Files (x86)\Intel\Intel(R) Management Engine Components\DAL;C:\Program Files\Intel\Intel(R) Management Engine Components\DAL;C:\Program Files (x86)\Intel\Intel(R) Management Engine Components\IPT;C:\Program Files\Intel\Intel(R) Management Engine Components\IPT;C:\WINDOWS\System32\OpenSSH\;C:\Program Files\Git\cmd;C:\Program Files\nodejs\;C:\dev\SavageScholarProject\javadocs\graphviz-2.38\release\bin;C:\Program Files\ojdkbuild\java-1.8.0-openjdk-1.8.0.232-1\bin;C:\Program Files\ojdkbuild\java-1.8.0-openjdk-1.8.0.232-1\jre\bin;C:\Program Files (x86)\Sennheiser\SoftphoneSDK\;C:\Ruby26-x64\bin;C:\dev\maven3.6\apache-maven-3.6.0\bin;C:\Program Files\NetBeans 8.2\java\maven\bin\mvn;C:\Users\tsavage\AppData\Local\Microsoft\WindowsApps;C:\Users\tsavage\AppData\Local\Programs\Microsoft VS Code\bin;C:\dev\Hugo_v0.49.2;C:\Users\tsavage\AppData\Roaming\Microsoft\Windows\Start Menu\Programs\Python 3.7;C:\Program Files\Java\jdk1.8.0_202\bin;C:\Users\tsavage\AppData\Local\Programs\Microsoft VS Code Insiders\bin;C:\Users\tsavage\AppData\Roaming\npm;C:\Users\tsavage\AppData\Local\Pandoc\;;.
Mar 23, 2020 12:01:33 PM org.apache.coyote.AbstractProtocol init
INFO: Initializing ProtocolHandler ["http-bio-8080"]
Mar 23, 2020 12:01:33 PM org.apache.coyote.AbstractProtocol init
INFO: Initializing ProtocolHandler ["ajp-bio-8009"]
Mar 23, 2020 12:01:33 PM org.apache.catalina.startup.Catalina load
INFO: Initialization processed in 701 ms
Mar 23, 2020 12:01:33 PM org.apache.catalina.core.StandardService startInternal
INFO: Starting service Catalina
Mar 23, 2020 12:01:33 PM org.apache.catalina.core.StandardEngine startInternal
INFO: Starting Servlet Engine: Apache Tomcat/7.0.96
Mar 23, 2020 12:01:33 PM org.apache.catalina.startup.HostConfig deployWAR
INFO: Deploying web application archive C:\dev\GraphQLDemo\apache-tomcat-7.0.96 - GraphQLDemo\webapps\hackernews.war
Mar 23, 2020 12:01:34 PM org.apache.catalina.startup.TldConfig execute
INFO: At least one JAR was scanned for TLDs yet contained no TLDs. Enable debug logging for this logger for a complete list of JARs that were scanned but no TLDs were found in them. Skipping unneeded JARs during scanning can improve startup time and JSP compilation time.
Mar 23, 2020 12:01:35 PM org.apache.catalina.util.SessionIdGeneratorBase createSecureRandom
WARNING: Creation of SecureRandom instance for session ID generation using [SHA1PRNG] took [803] milliseconds.
Mar 23, 2020 12:01:35 PM org.apache.catalina.startup.HostConfig deployWAR
INFO: Deployment of web application archive C:\dev\GraphQLDemo\apache-tomcat-7.0.96 - GraphQLDemo\webapps\hackernews.war has finished in 2,248 ms
Mar 23, 2020 12:01:35 PM org.apache.catalina.startup.HostConfig deployDirectory
INFO: Deploying web application directory C:\dev\GraphQLDemo\apache-tomcat-7.0.96 - GraphQLDemo\webapps\docs
Mar 23, 2020 12:01:35 PM org.apache.catalina.startup.HostConfig deployDirectory
INFO: Deployment of web application directory C:\dev\GraphQLDemo\apache-tomcat-7.0.96 - GraphQLDemo\webapps\docs has finished in 72 ms
Mar 23, 2020 12:01:35 PM org.apache.catalina.startup.HostConfig deployDirectory
INFO: Deploying web application directory C:\dev\GraphQLDemo\apache-tomcat-7.0.96 - GraphQLDemo\webapps\examples
Mar 23, 2020 12:01:35 PM org.apache.catalina.startup.HostConfig deployDirectory
INFO: Deployment of web application directory C:\dev\GraphQLDemo\apache-tomcat-7.0.96 - GraphQLDemo\webapps\examples has finished in 382 ms
Mar 23, 2020 12:01:35 PM org.apache.catalina.startup.HostConfig deployDirectory
INFO: Deploying web application directory C:\dev\GraphQLDemo\apache-tomcat-7.0.96 - GraphQLDemo\webapps\host-manager
Mar 23, 2020 12:01:35 PM org.apache.catalina.startup.HostConfig deployDirectory
INFO: Deployment of web application directory C:\dev\GraphQLDemo\apache-tomcat-7.0.96 - GraphQLDemo\webapps\host-manager has finished in 106 ms
Mar 23, 2020 12:01:35 PM org.apache.catalina.startup.HostConfig deployDirectory
INFO: Deploying web application directory C:\dev\GraphQLDemo\apache-tomcat-7.0.96 - GraphQLDemo\webapps\manager
Mar 23, 2020 12:01:35 PM org.apache.catalina.startup.HostConfig deployDirectory
INFO: Deployment of web application directory C:\dev\GraphQLDemo\apache-tomcat-7.0.96 - GraphQLDemo\webapps\manager has finished in 101 ms
Mar 23, 2020 12:01:35 PM org.apache.catalina.startup.HostConfig deployDirectory
INFO: Deploying web application directory C:\dev\GraphQLDemo\apache-tomcat-7.0.96 - GraphQLDemo\webapps\ROOT
Mar 23, 2020 12:01:36 PM org.apache.catalina.startup.HostConfig deployDirectory
INFO: Deployment of web application directory C:\dev\GraphQLDemo\apache-tomcat-7.0.96 - GraphQLDemo\webapps\ROOT has finished in 87 ms
Mar 23, 2020 12:01:36 PM org.apache.coyote.AbstractProtocol start
INFO: Starting ProtocolHandler ["http-bio-8080"]
Mar 23, 2020 12:01:36 PM org.apache.coyote.AbstractProtocol start
INFO: Starting ProtocolHandler ["ajp-bio-8009"]
Mar 23, 2020 12:01:36 PM org.apache.catalina.startup.Catalina start
INFO: Server startup in 3090 ms
Mar 23, 2020 12:01:36 PM org.apache.catalina.startup.HostConfig deployDescriptor
INFO: Deploying configuration descriptor C:\dev\GraphQLDemo\apache-tomcat-7.0.96 - GraphQLDemo\conf\Catalina\localhost\hackernews-graphql-java.xml
Mar 23, 2020 12:01:37 PM org.apache.catalina.startup.TldConfig execute
INFO: At least one JAR was scanned for TLDs yet contained no TLDs. Enable debug logging for this logger for a complete list of JARs that were scanned but no TLDs were found in them. Skipping unneeded JARs during scanning can improve startup time and JSP compilation time.
Mar 23, 2020 12:01:37 PM org.apache.catalina.startup.HostConfig deployDescriptor
INFO: Deployment of configuration descriptor C:\dev\GraphQLDemo\apache-tomcat-7.0.96 - GraphQLDemo\conf\Catalina\localhost\hackernews-graphql-java.xml has finished in 992 ms
Mar 23, 2020 12:01:37 PM org.apache.catalina.util.LifecycleBase start
INFO: The start() method was called on component [StandardEngine[Catalina].StandardHost[localhost].StandardContext[/hackernews-graphql-java]] after start() had already been called. The second call will be ignored.
Mar 23, 2020 12:04:08 PM org.apache.coyote.http11.AbstractHttp11Processor process
INFO: Error parsing HTTP request header
 Note: further occurrences of HTTP header parsing errors will be logged at DEBUG level.
java.lang.IllegalArgumentException: Invalid character found in the request target. The valid characters are defined in RFC 7230 and RFC 3986
	at org.apache.coyote.http11.InternalInputBuffer.parseRequestLine(InternalInputBuffer.java:194)
	at org.apache.coyote.http11.AbstractHttp11Processor.process(AbstractHttp11Processor.java:1050)
	at org.apache.coyote.AbstractProtocol$AbstractConnectionHandler.process(AbstractProtocol.java:637)
	at org.apache.tomcat.util.net.JIoEndpoint$SocketProcessor.run(JIoEndpoint.java:317)
	at java.util.concurrent.ThreadPoolExecutor.runWorker(ThreadPoolExecutor.java:1149)
	at java.util.concurrent.ThreadPoolExecutor$Worker.run(ThreadPoolExecutor.java:624)
	at org.apache.tomcat.util.threads.TaskThread$WrappingRunnable.run(TaskThread.java:61)
	at java.lang.Thread.run(Thread.java:748)

Mar 23, 2020 12:06:32 PM org.apache.catalina.core.StandardServer await
INFO: A valid shutdown command was received via the shutdown port. Stopping the Server instance.
Mar 23, 2020 12:06:32 PM org.apache.coyote.AbstractProtocol pause
INFO: Pausing ProtocolHandler ["http-bio-8080"]
Mar 23, 2020 12:06:32 PM org.apache.coyote.AbstractProtocol pause
INFO: Pausing ProtocolHandler ["ajp-bio-8009"]
Mar 23, 2020 12:06:32 PM org.apache.catalina.core.StandardService stopInternal
INFO: Stopping service Catalina
Mar 23, 2020 12:06:32 PM org.apache.coyote.AbstractProtocol stop
INFO: Stopping ProtocolHandler ["http-bio-8080"]
Mar 23, 2020 12:06:32 PM org.apache.coyote.AbstractProtocol stop
INFO: Stopping ProtocolHandler ["ajp-bio-8009"]
Mar 23, 2020 12:06:32 PM org.apache.coyote.AbstractProtocol destroy
INFO: Destroying ProtocolHandler ["http-bio-8080"]
Mar 23, 2020 12:06:32 PM org.apache.coyote.AbstractProtocol destroy
INFO: Destroying ProtocolHandler ["ajp-bio-8009"]
Mar 23, 2020 12:07:08 PM org.apache.catalina.startup.VersionLoggerListener log
INFO: Server version:        Apache Tomcat/7.0.96
Mar 23, 2020 12:07:08 PM org.apache.catalina.startup.VersionLoggerListener log
INFO: Server built:          Jul 24 2019 13:00:10 UTC
Mar 23, 2020 12:07:08 PM org.apache.catalina.startup.VersionLoggerListener log
INFO: Server number:         7.0.96.0
Mar 23, 2020 12:07:08 PM org.apache.catalina.startup.VersionLoggerListener log
INFO: OS Name:               Windows 10
Mar 23, 2020 12:07:08 PM org.apache.catalina.startup.VersionLoggerListener log
INFO: OS Version:            10.0
Mar 23, 2020 12:07:08 PM org.apache.catalina.startup.VersionLoggerListener log
INFO: Architecture:          amd64
Mar 23, 2020 12:07:08 PM org.apache.catalina.startup.VersionLoggerListener log
INFO: Java Home:             C:\Program Files\Java\jdk1.8.0_202\jre
Mar 23, 2020 12:07:08 PM org.apache.catalina.startup.VersionLoggerListener log
INFO: JVM Version:           1.8.0_202-b08
Mar 23, 2020 12:07:08 PM org.apache.catalina.startup.VersionLoggerListener log
INFO: JVM Vendor:            Oracle Corporation
Mar 23, 2020 12:07:08 PM org.apache.catalina.startup.VersionLoggerListener log
INFO: CATALINA_BASE:         C:\dev\GraphQLDemo\apache-tomcat-7.0.96 - GraphQLDemo
Mar 23, 2020 12:07:08 PM org.apache.catalina.startup.VersionLoggerListener log
INFO: CATALINA_HOME:         C:\dev\GraphQLDemo\apache-tomcat-7.0.96 - GraphQLDemo
Mar 23, 2020 12:07:08 PM org.apache.catalina.startup.VersionLoggerListener log
INFO: Command line argument: -Djava.util.logging.config.file=C:\dev\GraphQLDemo\apache-tomcat-7.0.96 - GraphQLDemo\conf\logging.properties
Mar 23, 2020 12:07:08 PM org.apache.catalina.startup.VersionLoggerListener log
INFO: Command line argument: -Djava.util.logging.manager=org.apache.juli.ClassLoaderLogManager
Mar 23, 2020 12:07:08 PM org.apache.catalina.startup.VersionLoggerListener log
INFO: Command line argument: -Dhttp.nonProxyHosts=localhost|127.0.0.1|C00930
Mar 23, 2020 12:07:08 PM org.apache.catalina.startup.VersionLoggerListener log
INFO: Command line argument: -Djdk.tls.ephemeralDHKeySize=2048
Mar 23, 2020 12:07:08 PM org.apache.catalina.startup.VersionLoggerListener log
INFO: Command line argument: -Dignore.endorsed.dirs=
Mar 23, 2020 12:07:08 PM org.apache.catalina.startup.VersionLoggerListener log
INFO: Command line argument: -Dcatalina.base=C:\dev\GraphQLDemo\apache-tomcat-7.0.96 - GraphQLDemo
Mar 23, 2020 12:07:08 PM org.apache.catalina.startup.VersionLoggerListener log
INFO: Command line argument: -Dcatalina.home=C:\dev\GraphQLDemo\apache-tomcat-7.0.96 - GraphQLDemo
Mar 23, 2020 12:07:08 PM org.apache.catalina.startup.VersionLoggerListener log
INFO: Command line argument: -Djava.io.tmpdir=C:\dev\GraphQLDemo\apache-tomcat-7.0.96 - GraphQLDemo\temp
Mar 23, 2020 12:07:08 PM org.apache.catalina.core.AprLifecycleListener lifecycleEvent
INFO: The APR based Apache Tomcat Native library which allows optimal performance in production environments was not found on the java.library.path: C:\Program Files\Java\jdk1.8.0_202\bin;C:\WINDOWS\Sun\Java\bin;C:\WINDOWS\system32;C:\WINDOWS;C:\ProgramData\DockerDesktop\version-bin;C:\Program Files\Docker\Docker\Resources\bin;C:\Program Files (x86)\Common Files\Oracle\Java\javapath;C:\Program Files (x86)\Intel\iCLS Client\;C:\Program Files\Intel\iCLS Client\;C:\WINDOWS\system32;C:\WINDOWS;C:\WINDOWS\System32\Wbem;C:\WINDOWS\System32\WindowsPowerShell\v1.0\;C:\Program Files (x86)\Shoreline Communications\ShoreWare Client\;C:\Program Files (x86)\Shoreline Communications\ShoreWare Client\win64;C:\Program Files\Intel\WiFi\bin\;C:\Program Files\Common Files\Intel\WirelessCommon\;C:\Program Files (x86)\Intel\Intel(R) Management Engine Components\DAL;C:\Program Files\Intel\Intel(R) Management Engine Components\DAL;C:\Program Files (x86)\Intel\Intel(R) Management Engine Components\IPT;C:\Program Files\Intel\Intel(R) Management Engine Components\IPT;C:\WINDOWS\System32\OpenSSH\;C:\Program Files\Git\cmd;C:\Program Files\nodejs\;C:\dev\SavageScholarProject\javadocs\graphviz-2.38\release\bin;C:\Program Files\ojdkbuild\java-1.8.0-openjdk-1.8.0.232-1\bin;C:\Program Files\ojdkbuild\java-1.8.0-openjdk-1.8.0.232-1\jre\bin;C:\Program Files (x86)\Sennheiser\SoftphoneSDK\;C:\Ruby26-x64\bin;C:\dev\maven3.6\apache-maven-3.6.0\bin;C:\Program Files\NetBeans 8.2\java\maven\bin\mvn;C:\Users\tsavage\AppData\Local\Microsoft\WindowsApps;C:\Users\tsavage\AppData\Local\Programs\Microsoft VS Code\bin;C:\dev\Hugo_v0.49.2;C:\Users\tsavage\AppData\Roaming\Microsoft\Windows\Start Menu\Programs\Python 3.7;C:\Program Files\Java\jdk1.8.0_202\bin;C:\Users\tsavage\AppData\Local\Programs\Microsoft VS Code Insiders\bin;C:\Users\tsavage\AppData\Roaming\npm;C:\Users\tsavage\AppData\Local\Pandoc\;;.
Mar 23, 2020 12:07:08 PM org.apache.coyote.AbstractProtocol init
INFO: Initializing ProtocolHandler ["http-bio-8080"]
Mar 23, 2020 12:07:08 PM org.apache.coyote.AbstractProtocol init
INFO: Initializing ProtocolHandler ["ajp-bio-8009"]
Mar 23, 2020 12:07:08 PM org.apache.catalina.startup.Catalina load
INFO: Initialization processed in 603 ms
Mar 23, 2020 12:07:08 PM org.apache.catalina.core.StandardService startInternal
INFO: Starting service Catalina
Mar 23, 2020 12:07:08 PM org.apache.catalina.core.StandardEngine startInternal
INFO: Starting Servlet Engine: Apache Tomcat/7.0.96
Mar 23, 2020 12:07:08 PM org.apache.catalina.startup.HostConfig deployDescriptor
INFO: Deploying configuration descriptor C:\dev\GraphQLDemo\apache-tomcat-7.0.96 - GraphQLDemo\conf\Catalina\localhost\hackernews-graphql-java.xml
Mar 23, 2020 12:07:09 PM org.apache.catalina.startup.TldConfig execute
INFO: At least one JAR was scanned for TLDs yet contained no TLDs. Enable debug logging for this logger for a complete list of JARs that were scanned but no TLDs were found in them. Skipping unneeded JARs during scanning can improve startup time and JSP compilation time.
Mar 23, 2020 12:07:10 PM org.apache.catalina.util.SessionIdGeneratorBase createSecureRandom
WARNING: Creation of SecureRandom instance for session ID generation using [SHA1PRNG] took [778] milliseconds.
Mar 23, 2020 12:07:10 PM org.apache.catalina.startup.HostConfig deployDescriptor
INFO: Deployment of configuration descriptor C:\dev\GraphQLDemo\apache-tomcat-7.0.96 - GraphQLDemo\conf\Catalina\localhost\hackernews-graphql-java.xml has finished in 2,175 ms
Mar 23, 2020 12:07:10 PM org.apache.catalina.startup.HostConfig deployWAR
INFO: Deploying web application archive C:\dev\GraphQLDemo\apache-tomcat-7.0.96 - GraphQLDemo\webapps\hackernews.war
Mar 23, 2020 12:07:12 PM org.apache.catalina.startup.TldConfig execute
INFO: At least one JAR was scanned for TLDs yet contained no TLDs. Enable debug logging for this logger for a complete list of JARs that were scanned but no TLDs were found in them. Skipping unneeded JARs during scanning can improve startup time and JSP compilation time.
Mar 23, 2020 12:07:12 PM org.apache.catalina.startup.HostConfig deployWAR
INFO: Deployment of web application archive C:\dev\GraphQLDemo\apache-tomcat-7.0.96 - GraphQLDemo\webapps\hackernews.war has finished in 1,996 ms
Mar 23, 2020 12:07:12 PM org.apache.catalina.startup.HostConfig deployDirectory
INFO: Deploying web application directory C:\dev\GraphQLDemo\apache-tomcat-7.0.96 - GraphQLDemo\webapps\docs
Mar 23, 2020 12:07:12 PM org.apache.catalina.startup.HostConfig deployDirectory
INFO: Deployment of web application directory C:\dev\GraphQLDemo\apache-tomcat-7.0.96 - GraphQLDemo\webapps\docs has finished in 79 ms
Mar 23, 2020 12:07:12 PM org.apache.catalina.startup.HostConfig deployDirectory
INFO: Deploying web application directory C:\dev\GraphQLDemo\apache-tomcat-7.0.96 - GraphQLDemo\webapps\examples
Mar 23, 2020 12:07:13 PM org.apache.catalina.startup.HostConfig deployDirectory
INFO: Deployment of web application directory C:\dev\GraphQLDemo\apache-tomcat-7.0.96 - GraphQLDemo\webapps\examples has finished in 566 ms
Mar 23, 2020 12:07:13 PM org.apache.catalina.startup.HostConfig deployDirectory
INFO: Deploying web application directory C:\dev\GraphQLDemo\apache-tomcat-7.0.96 - GraphQLDemo\webapps\host-manager
Mar 23, 2020 12:07:13 PM org.apache.catalina.startup.HostConfig deployDirectory
INFO: Deployment of web application directory C:\dev\GraphQLDemo\apache-tomcat-7.0.96 - GraphQLDemo\webapps\host-manager has finished in 145 ms
Mar 23, 2020 12:07:13 PM org.apache.catalina.startup.HostConfig deployDirectory
INFO: Deploying web application directory C:\dev\GraphQLDemo\apache-tomcat-7.0.96 - GraphQLDemo\webapps\manager
Mar 23, 2020 12:07:13 PM org.apache.catalina.startup.HostConfig deployDirectory
INFO: Deployment of web application directory C:\dev\GraphQLDemo\apache-tomcat-7.0.96 - GraphQLDemo\webapps\manager has finished in 107 ms
Mar 23, 2020 12:07:13 PM org.apache.catalina.startup.HostConfig deployDirectory
INFO: Deploying web application directory C:\dev\GraphQLDemo\apache-tomcat-7.0.96 - GraphQLDemo\webapps\ROOT
Mar 23, 2020 12:07:13 PM org.apache.catalina.startup.HostConfig deployDirectory
INFO: Deployment of web application directory C:\dev\GraphQLDemo\apache-tomcat-7.0.96 - GraphQLDemo\webapps\ROOT has finished in 92 ms
Mar 23, 2020 12:07:13 PM org.apache.coyote.AbstractProtocol start
INFO: Starting ProtocolHandler ["http-bio-8080"]
Mar 23, 2020 12:07:13 PM org.apache.coyote.AbstractProtocol start
INFO: Starting ProtocolHandler ["ajp-bio-8009"]
Mar 23, 2020 12:07:13 PM org.apache.catalina.startup.Catalina start
INFO: Server startup in 5302 ms
Mar 23, 2020 12:08:06 PM org.apache.coyote.http11.AbstractHttp11Processor process
INFO: Error parsing HTTP request header
 Note: further occurrences of HTTP header parsing errors will be logged at DEBUG level.
java.lang.IllegalArgumentException: Invalid character found in the request target. The valid characters are defined in RFC 7230 and RFC 3986
	at org.apache.coyote.http11.InternalInputBuffer.parseRequestLine(InternalInputBuffer.java:194)
	at org.apache.coyote.http11.AbstractHttp11Processor.process(AbstractHttp11Processor.java:1050)
	at org.apache.coyote.AbstractProtocol$AbstractConnectionHandler.process(AbstractProtocol.java:637)
	at org.apache.tomcat.util.net.JIoEndpoint$SocketProcessor.run(JIoEndpoint.java:317)
	at java.util.concurrent.ThreadPoolExecutor.runWorker(ThreadPoolExecutor.java:1149)
	at java.util.concurrent.ThreadPoolExecutor$Worker.run(ThreadPoolExecutor.java:624)
	at org.apache.tomcat.util.threads.TaskThread$WrappingRunnable.run(TaskThread.java:61)
	at java.lang.Thread.run(Thread.java:748)

Mar 23, 2020 12:08:09 PM org.apache.coyote.http11.AbstractHttp11Processor process
INFO: Error parsing HTTP request header
 Note: further occurrences of HTTP header parsing errors will be logged at DEBUG level.
java.lang.IllegalArgumentException: Invalid character found in the request target. The valid characters are defined in RFC 7230 and RFC 3986
	at org.apache.coyote.http11.InternalInputBuffer.parseRequestLine(InternalInputBuffer.java:194)
	at org.apache.coyote.http11.AbstractHttp11Processor.process(AbstractHttp11Processor.java:1050)
	at org.apache.coyote.AbstractProtocol$AbstractConnectionHandler.process(AbstractProtocol.java:637)
	at org.apache.tomcat.util.net.JIoEndpoint$SocketProcessor.run(JIoEndpoint.java:317)
	at java.util.concurrent.ThreadPoolExecutor.runWorker(ThreadPoolExecutor.java:1149)
	at java.util.concurrent.ThreadPoolExecutor$Worker.run(ThreadPoolExecutor.java:624)
	at org.apache.tomcat.util.threads.TaskThread$WrappingRunnable.run(TaskThread.java:61)
	at java.lang.Thread.run(Thread.java:748)

Mar 23, 2020 12:10:11 PM org.apache.catalina.core.StandardServer await
INFO: A valid shutdown command was received via the shutdown port. Stopping the Server instance.
Mar 23, 2020 12:10:11 PM org.apache.coyote.AbstractProtocol pause
INFO: Pausing ProtocolHandler ["http-bio-8080"]
Mar 23, 2020 12:10:11 PM org.apache.coyote.AbstractProtocol pause
INFO: Pausing ProtocolHandler ["ajp-bio-8009"]
Mar 23, 2020 12:10:11 PM org.apache.catalina.core.StandardService stopInternal
INFO: Stopping service Catalina
Mar 23, 2020 12:10:11 PM org.apache.coyote.AbstractProtocol stop
INFO: Stopping ProtocolHandler ["http-bio-8080"]
Mar 23, 2020 12:10:11 PM org.apache.coyote.AbstractProtocol stop
INFO: Stopping ProtocolHandler ["ajp-bio-8009"]
Mar 23, 2020 12:10:11 PM org.apache.coyote.AbstractProtocol destroy
INFO: Destroying ProtocolHandler ["http-bio-8080"]
Mar 23, 2020 12:10:11 PM org.apache.coyote.AbstractProtocol destroy
INFO: Destroying ProtocolHandler ["ajp-bio-8009"]
